2021-08-26 09:42:56.881  INFO 15260 --- [main] com.bm.bank.BMBankApplication            : Starting BMBankApplication using Java 16.0.2 on 88JT0F3 with PID 15260 (C:\Users\brandon.mino\Downloads\bank\bank\target\classes started by brandon.mino in C:\Users\brandon.mino\Downloads\bank\bank)
2021-08-26 09:42:56.893  INFO 15260 --- [main] com.bm.bank.BMBankApplication            : No active profile set, falling back to default profiles: default
2021-08-26 09:42:57.349  INFO 15260 --- [main] .s.d.r.c.RepositoryConfigurationDelegate : Bootstrapping Spring Data JPA repositories in DEFAULT mode.
2021-08-26 09:42:57.400  INFO 15260 --- [main] .s.d.r.c.RepositoryConfigurationDelegate : Finished Spring Data repository scanning in 41 ms. Found 3 JPA repository interfaces.
2021-08-26 09:42:57.785  INFO 15260 --- [main] o.s.b.w.embedded.tomcat.TomcatWebServer  : Tomcat initialized with port(s): 8080 (http)
2021-08-26 09:42:57.793  INFO 15260 --- [main] o.apache.catalina.core.StandardService   : Starting service [Tomcat]
2021-08-26 09:42:57.794  INFO 15260 --- [main] org.apache.catalina.core.StandardEngine  : Starting Servlet engine: [Apache Tomcat/9.0.52]
2021-08-26 09:42:57.881  INFO 15260 --- [main] o.a.c.c.C.[Tomcat].[localhost].[/]       : Initializing Spring embedded WebApplicationContext
2021-08-26 09:42:57.882  INFO 15260 --- [main] w.s.c.ServletWebServerApplicationContext : Root WebApplicationContext: initialization completed in 937 ms
2021-08-26 09:42:58.003  INFO 15260 --- [main] o.hibernate.jpa.internal.util.LogHelper  : HHH000204: Processing PersistenceUnitInfo [name: default]
2021-08-26 09:42:58.037  INFO 15260 --- [main] org.hibernate.Version                    : HHH000412: Hibernate ORM core version 5.5.6.Final
2021-08-26 09:42:58.152  INFO 15260 --- [main] o.hibernate.annotations.common.Version   : HCANN000001: Hibernate Commons Annotations {5.1.2.Final}
2021-08-26 09:42:58.222  INFO 15260 --- [main] com.zaxxer.hikari.HikariDataSource       : HikariPool-1 - Starting...
2021-08-26 09:42:58.450  INFO 15260 --- [main] com.zaxxer.hikari.HikariDataSource       : HikariPool-1 - Start completed.
2021-08-26 09:42:58.461  INFO 15260 --- [main] org.hibernate.dialect.Dialect            : HHH000400: Using dialect: org.hibernate.dialect.MySQL8Dialect
2021-08-26 09:42:58.889  INFO 15260 --- [main] o.h.e.t.j.p.i.JtaPlatformInitiator       : HHH000490: Using JtaPlatform implementation: [org.hibernate.engine.transaction.jta.platform.internal.NoJtaPlatform]
2021-08-26 09:42:58.896  INFO 15260 --- [main] j.LocalContainerEntityManagerFactoryBean : Initialized JPA EntityManagerFactory for persistence unit 'default'
2021-08-26 09:42:59.123  WARN 15260 --- [main] JpaBaseConfiguration$JpaWebConfiguration : spring.jpa.open-in-view is enabled by default. Therefore, database queries may be performed during view rendering. Explicitly configure spring.jpa.open-in-view to disable this warning
2021-08-26 09:42:59.373  INFO 15260 --- [main] o.s.b.w.embedded.tomcat.TomcatWebServer  : Tomcat started on port(s): 8080 (http) with context path ''
2021-08-26 09:42:59.379  INFO 15260 --- [main] com.bm.bank.BMBankApplication            : Started BMBankApplication in 2.802 seconds (JVM running for 3.084)
2021-08-26 09:43:08.130  INFO 15260 --- [http-nio-8080-exec-2] o.a.c.c.C.[Tomcat].[localhost].[/]       : Initializing Spring DispatcherServlet 'dispatcherServlet'
2021-08-26 09:43:08.131  INFO 15260 --- [http-nio-8080-exec-2] o.s.web.servlet.DispatcherServlet        : Initializing Servlet 'dispatcherServlet'
2021-08-26 09:43:08.132  INFO 15260 --- [http-nio-8080-exec-2] o.s.web.servlet.DispatcherServlet        : Completed initialization in 0 ms
2021-08-26 09:43:36.624  WARN 15260 --- [http-nio-8080-exec-4] c.b.b.controllers.ExceptionController    : code: 1001 message: Could not find content with given Id
2021-08-26 09:44:21.614  WARN 15260 --- [http-nio-8080-exec-6] c.b.b.controllers.ExceptionController    : code: 1001 message: Could not find content with given Id
2021-08-26 09:44:26.438  WARN 15260 --- [http-nio-8080-exec-8] c.b.b.controllers.ExceptionController    : code: 3000 message: Withdraw was blocked as you attempted to withdraw more than your current balance
2021-08-26 09:52:36.471  INFO 15260 --- [SpringApplicationShutdownHook] j.LocalContainerEntityManagerFactoryBean : Closing JPA EntityManagerFactory for persistence unit 'default'
2021-08-26 09:52:36.474  INFO 15260 --- [SpringApplicationShutdownHook] com.zaxxer.hikari.HikariDataSource       : HikariPool-1 - Shutdown initiated...
2021-08-26 09:52:36.482  INFO 15260 --- [SpringApplicationShutdownHook] com.zaxxer.hikari.HikariDataSource       : HikariPool-1 - Shutdown completed.
2021-08-26 10:13:06.050  INFO 22836 --- [main] com.bm.bank.BMBankApplication            : Starting BMBankApplication using Java 16.0.2 on 88JT0F3 with PID 22836 (C:\Users\brandon.mino\Downloads\bank\bank\target\classes started by brandon.mino in C:\Users\brandon.mino\Downloads\bank\bank)
2021-08-26 10:13:06.054  INFO 22836 --- [main] com.bm.bank.BMBankApplication            : No active profile set, falling back to default profiles: default
2021-08-26 10:13:06.636  INFO 22836 --- [main] .s.d.r.c.RepositoryConfigurationDelegate : Bootstrapping Spring Data JPA repositories in DEFAULT mode.
2021-08-26 10:13:06.695  INFO 22836 --- [main] .s.d.r.c.RepositoryConfigurationDelegate : Finished Spring Data repository scanning in 50 ms. Found 3 JPA repository interfaces.
2021-08-26 10:13:07.252  INFO 22836 --- [main] o.s.b.w.embedded.tomcat.TomcatWebServer  : Tomcat initialized with port(s): 8080 (http)
2021-08-26 10:13:07.263  INFO 22836 --- [main] o.apache.catalina.core.StandardService   : Starting service [Tomcat]
2021-08-26 10:13:07.263  INFO 22836 --- [main] org.apache.catalina.core.StandardEngine  : Starting Servlet engine: [Apache Tomcat/9.0.52]
2021-08-26 10:13:07.370  INFO 22836 --- [main] o.a.c.c.C.[Tomcat].[localhost].[/]       : Initializing Spring embedded WebApplicationContext
2021-08-26 10:13:07.372  INFO 22836 --- [main] w.s.c.ServletWebServerApplicationContext : Root WebApplicationContext: initialization completed in 1263 ms
2021-08-26 10:13:07.523  INFO 22836 --- [main] o.hibernate.jpa.internal.util.LogHelper  : HHH000204: Processing PersistenceUnitInfo [name: default]
2021-08-26 10:13:07.564  INFO 22836 --- [main] org.hibernate.Version                    : HHH000412: Hibernate ORM core version 5.5.6.Final
2021-08-26 10:13:07.701  INFO 22836 --- [main] o.hibernate.annotations.common.Version   : HCANN000001: Hibernate Commons Annotations {5.1.2.Final}
2021-08-26 10:13:07.786  INFO 22836 --- [main] com.zaxxer.hikari.HikariDataSource       : HikariPool-1 - Starting...
2021-08-26 10:13:08.106  INFO 22836 --- [main] com.zaxxer.hikari.HikariDataSource       : HikariPool-1 - Start completed.
2021-08-26 10:13:08.123  INFO 22836 --- [main] org.hibernate.dialect.Dialect            : HHH000400: Using dialect: org.hibernate.dialect.MySQL8Dialect
2021-08-26 10:13:08.673  INFO 22836 --- [main] o.h.e.t.j.p.i.JtaPlatformInitiator       : HHH000490: Using JtaPlatform implementation: [org.hibernate.engine.transaction.jta.platform.internal.NoJtaPlatform]
2021-08-26 10:13:08.680  INFO 22836 --- [main] j.LocalContainerEntityManagerFactoryBean : Initialized JPA EntityManagerFactory for persistence unit 'default'
2021-08-26 10:13:08.975  WARN 22836 --- [main] JpaBaseConfiguration$JpaWebConfiguration : spring.jpa.open-in-view is enabled by default. Therefore, database queries may be performed during view rendering. Explicitly configure spring.jpa.open-in-view to disable this warning
2021-08-26 10:13:09.310  INFO 22836 --- [main] o.s.b.w.embedded.tomcat.TomcatWebServer  : Tomcat started on port(s): 8080 (http) with context path ''
2021-08-26 10:13:09.320  INFO 22836 --- [main] com.bm.bank.BMBankApplication            : Started BMBankApplication in 3.674 seconds (JVM running for 4.048)
2021-08-26 10:59:11.774  INFO 22836 --- [SpringApplicationShutdownHook] j.LocalContainerEntityManagerFactoryBean : Closing JPA EntityManagerFactory for persistence unit 'default'
2021-08-26 10:59:11.778  INFO 22836 --- [SpringApplicationShutdownHook] com.zaxxer.hikari.HikariDataSource       : HikariPool-1 - Shutdown initiated...
2021-08-26 10:59:11.784  INFO 22836 --- [SpringApplicationShutdownHook] com.zaxxer.hikari.HikariDataSource       : HikariPool-1 - Shutdown completed.
2021-08-26 11:27:44.400  INFO 24744 --- [main] com.bm.bank.BMBankApplication            : Starting BMBankApplication using Java 16.0.2 on 88JT0F3 with PID 24744 (C:\Users\brandon.mino\Downloads\bank\bank\target\classes started by brandon.mino in C:\Users\brandon.mino\Downloads\bank\bank)
2021-08-26 11:27:44.403  INFO 24744 --- [main] com.bm.bank.BMBankApplication            : No active profile set, falling back to default profiles: default
2021-08-26 11:27:44.838  INFO 24744 --- [main] .s.d.r.c.RepositoryConfigurationDelegate : Bootstrapping Spring Data JPA repositories in DEFAULT mode.
2021-08-26 11:27:44.888  INFO 24744 --- [main] .s.d.r.c.RepositoryConfigurationDelegate : Finished Spring Data repository scanning in 42 ms. Found 3 JPA repository interfaces.
2021-08-26 11:27:45.326  INFO 24744 --- [main] o.s.b.w.embedded.tomcat.TomcatWebServer  : Tomcat initialized with port(s): 8080 (http)
2021-08-26 11:27:45.339  INFO 24744 --- [main] o.apache.catalina.core.StandardService   : Starting service [Tomcat]
2021-08-26 11:27:45.340  INFO 24744 --- [main] org.apache.catalina.core.StandardEngine  : Starting Servlet engine: [Apache Tomcat/9.0.52]
2021-08-26 11:27:45.475  INFO 24744 --- [main] o.a.c.c.C.[Tomcat].[localhost].[/]       : Initializing Spring embedded WebApplicationContext
2021-08-26 11:27:45.477  INFO 24744 --- [main] w.s.c.ServletWebServerApplicationContext : Root WebApplicationContext: initialization completed in 1020 ms
2021-08-26 11:27:45.621  INFO 24744 --- [main] o.hibernate.jpa.internal.util.LogHelper  : HHH000204: Processing PersistenceUnitInfo [name: default]
2021-08-26 11:27:45.679  INFO 24744 --- [main] org.hibernate.Version                    : HHH000412: Hibernate ORM core version 5.5.6.Final
2021-08-26 11:27:45.857  INFO 24744 --- [main] o.hibernate.annotations.common.Version   : HCANN000001: Hibernate Commons Annotations {5.1.2.Final}
2021-08-26 11:27:45.959  INFO 24744 --- [main] com.zaxxer.hikari.HikariDataSource       : HikariPool-1 - Starting...
2021-08-26 11:27:46.280  INFO 24744 --- [main] com.zaxxer.hikari.HikariDataSource       : HikariPool-1 - Start completed.
2021-08-26 11:27:46.303  INFO 24744 --- [main] org.hibernate.dialect.Dialect            : HHH000400: Using dialect: org.hibernate.dialect.MySQL8Dialect
2021-08-26 11:27:46.976  INFO 24744 --- [main] o.h.e.t.j.p.i.JtaPlatformInitiator       : HHH000490: Using JtaPlatform implementation: [org.hibernate.engine.transaction.jta.platform.internal.NoJtaPlatform]
2021-08-26 11:27:46.986  INFO 24744 --- [main] j.LocalContainerEntityManagerFactoryBean : Initialized JPA EntityManagerFactory for persistence unit 'default'
2021-08-26 11:27:47.313  WARN 24744 --- [main] JpaBaseConfiguration$JpaWebConfiguration : spring.jpa.open-in-view is enabled by default. Therefore, database queries may be performed during view rendering. Explicitly configure spring.jpa.open-in-view to disable this warning
2021-08-26 11:27:47.647  INFO 24744 --- [main] o.s.b.w.embedded.tomcat.TomcatWebServer  : Tomcat started on port(s): 8080 (http) with context path ''
2021-08-26 11:27:47.657  INFO 24744 --- [main] com.bm.bank.BMBankApplication            : Started BMBankApplication in 3.617 seconds (JVM running for 3.887)
2021-08-26 11:28:37.701  INFO 24744 --- [http-nio-8080-exec-1] o.a.c.c.C.[Tomcat].[localhost].[/]       : Initializing Spring DispatcherServlet 'dispatcherServlet'
2021-08-26 11:28:37.703  INFO 24744 --- [http-nio-8080-exec-1] o.s.web.servlet.DispatcherServlet        : Initializing Servlet 'dispatcherServlet'
2021-08-26 11:28:37.704  INFO 24744 --- [http-nio-8080-exec-1] o.s.web.servlet.DispatcherServlet        : Completed initialization in 1 ms
2021-08-26 11:29:23.699  WARN 24744 --- [http-nio-8080-exec-3] c.b.b.controllers.ExceptionController    : code: 3000 message: Withdraw was blocked as you attempted to withdraw more than your current balance
2021-08-26 11:47:14.727  INFO 24744 --- [SpringApplicationShutdownHook] j.LocalContainerEntityManagerFactoryBean : Closing JPA EntityManagerFactory for persistence unit 'default'
2021-08-26 11:47:14.729  INFO 24744 --- [SpringApplicationShutdownHook] com.zaxxer.hikari.HikariDataSource       : HikariPool-1 - Shutdown initiated...
2021-08-26 11:47:14.736  INFO 24744 --- [SpringApplicationShutdownHook] com.zaxxer.hikari.HikariDataSource       : HikariPool-1 - Shutdown completed.
2021-08-26 11:47:21.091  INFO 18156 --- [main] com.bm.bank.BMBankApplication            : Starting BMBankApplication using Java 16.0.2 on 88JT0F3 with PID 18156 (C:\Users\brandon.mino\Downloads\bank\bank\target\classes started by brandon.mino in C:\Users\brandon.mino\Downloads\bank\bank)
2021-08-26 11:47:21.093  INFO 18156 --- [main] com.bm.bank.BMBankApplication            : No active profile set, falling back to default profiles: default
2021-08-26 11:47:21.660  INFO 18156 --- [main] .s.d.r.c.RepositoryConfigurationDelegate : Bootstrapping Spring Data JPA repositories in DEFAULT mode.
2021-08-26 11:47:21.709  INFO 18156 --- [main] .s.d.r.c.RepositoryConfigurationDelegate : Finished Spring Data repository scanning in 40 ms. Found 3 JPA repository interfaces.
2021-08-26 11:47:22.100  INFO 18156 --- [main] o.s.b.w.embedded.tomcat.TomcatWebServer  : Tomcat initialized with port(s): 8080 (http)
2021-08-26 11:47:22.109  INFO 18156 --- [main] o.apache.catalina.core.StandardService   : Starting service [Tomcat]
2021-08-26 11:47:22.110  INFO 18156 --- [main] org.apache.catalina.core.StandardEngine  : Starting Servlet engine: [Apache Tomcat/9.0.52]
2021-08-26 11:47:22.221  INFO 18156 --- [main] o.a.c.c.C.[Tomcat].[localhost].[/]       : Initializing Spring embedded WebApplicationContext
2021-08-26 11:47:22.222  INFO 18156 --- [main] w.s.c.ServletWebServerApplicationContext : Root WebApplicationContext: initialization completed in 1087 ms
2021-08-26 11:47:22.388  INFO 18156 --- [main] o.hibernate.jpa.internal.util.LogHelper  : HHH000204: Processing PersistenceUnitInfo [name: default]
2021-08-26 11:47:22.426  INFO 18156 --- [main] org.hibernate.Version                    : HHH000412: Hibernate ORM core version 5.5.6.Final
2021-08-26 11:47:22.588  INFO 18156 --- [main] o.hibernate.annotations.common.Version   : HCANN000001: Hibernate Commons Annotations {5.1.2.Final}
2021-08-26 11:47:22.668  INFO 18156 --- [main] com.zaxxer.hikari.HikariDataSource       : HikariPool-1 - Starting...
2021-08-26 11:47:22.938  INFO 18156 --- [main] com.zaxxer.hikari.HikariDataSource       : HikariPool-1 - Start completed.
2021-08-26 11:47:22.956  INFO 18156 --- [main] org.hibernate.dialect.Dialect            : HHH000400: Using dialect: org.hibernate.dialect.MySQL8Dialect
2021-08-26 11:47:23.667  INFO 18156 --- [main] o.h.e.t.j.p.i.JtaPlatformInitiator       : HHH000490: Using JtaPlatform implementation: [org.hibernate.engine.transaction.jta.platform.internal.NoJtaPlatform]
2021-08-26 11:47:23.684  INFO 18156 --- [main] j.LocalContainerEntityManagerFactoryBean : Initialized JPA EntityManagerFactory for persistence unit 'default'
2021-08-26 11:47:24.231  WARN 18156 --- [main] JpaBaseConfiguration$JpaWebConfiguration : spring.jpa.open-in-view is enabled by default. Therefore, database queries may be performed during view rendering. Explicitly configure spring.jpa.open-in-view to disable this warning
2021-08-26 11:47:24.774  INFO 18156 --- [main] o.s.b.w.embedded.tomcat.TomcatWebServer  : Tomcat started on port(s): 8080 (http) with context path ''
2021-08-26 11:47:24.786  INFO 18156 --- [main] com.bm.bank.BMBankApplication            : Started BMBankApplication in 3.996 seconds (JVM running for 4.323)
2021-08-26 11:47:36.353  INFO 18156 --- [http-nio-8080-exec-2] o.a.c.c.C.[Tomcat].[localhost].[/]       : Initializing Spring DispatcherServlet 'dispatcherServlet'
2021-08-26 11:47:36.354  INFO 18156 --- [http-nio-8080-exec-2] o.s.web.servlet.DispatcherServlet        : Initializing Servlet 'dispatcherServlet'
2021-08-26 11:47:36.355  INFO 18156 --- [http-nio-8080-exec-2] o.s.web.servlet.DispatcherServlet        : Completed initialization in 1 ms
2021-08-26 11:47:49.355  WARN 18156 --- [http-nio-8080-exec-3] c.b.b.controllers.ExceptionController    : code: 1001 message: Could not find content with given Id
2021-08-26 11:48:38.102  WARN 18156 --- [http-nio-8080-exec-6] c.b.b.controllers.ExceptionController    : code: 3000 message: Withdraw was blocked as you attempted to withdraw more than your current balance
2021-08-26 11:48:57.314  WARN 18156 --- [http-nio-8080-exec-9] c.b.b.controllers.ExceptionController    : code: 2000 message: Deposit was blocked as you attempted to deposit a negative amount
2021-08-26 11:53:27.880  INFO 18156 --- [SpringApplicationShutdownHook] j.LocalContainerEntityManagerFactoryBean : Closing JPA EntityManagerFactory for persistence unit 'default'
2021-08-26 11:53:27.882  INFO 18156 --- [SpringApplicationShutdownHook] com.zaxxer.hikari.HikariDataSource       : HikariPool-1 - Shutdown initiated...
2021-08-26 11:53:27.890  INFO 18156 --- [SpringApplicationShutdownHook] com.zaxxer.hikari.HikariDataSource       : HikariPool-1 - Shutdown completed.
2021-08-26 11:53:32.806  INFO 15436 --- [main] com.bm.bank.BMBankApplication            : Starting BMBankApplication using Java 16.0.2 on 88JT0F3 with PID 15436 (C:\Users\brandon.mino\Downloads\bank\bank\target\classes started by brandon.mino in C:\Users\brandon.mino\Downloads\bank\bank)
2021-08-26 11:53:32.808  INFO 15436 --- [main] com.bm.bank.BMBankApplication            : No active profile set, falling back to default profiles: default
2021-08-26 11:53:33.260  INFO 15436 --- [main] .s.d.r.c.RepositoryConfigurationDelegate : Bootstrapping Spring Data JPA repositories in DEFAULT mode.
2021-08-26 11:53:33.314  INFO 15436 --- [main] .s.d.r.c.RepositoryConfigurationDelegate : Finished Spring Data repository scanning in 42 ms. Found 3 JPA repository interfaces.
2021-08-26 11:53:33.745  INFO 15436 --- [main] o.s.b.w.embedded.tomcat.TomcatWebServer  : Tomcat initialized with port(s): 8080 (http)
2021-08-26 11:53:33.753  INFO 15436 --- [main] o.apache.catalina.core.StandardService   : Starting service [Tomcat]
2021-08-26 11:53:33.753  INFO 15436 --- [main] org.apache.catalina.core.StandardEngine  : Starting Servlet engine: [Apache Tomcat/9.0.52]
2021-08-26 11:53:33.849  INFO 15436 --- [main] o.a.c.c.C.[Tomcat].[localhost].[/]       : Initializing Spring embedded WebApplicationContext
2021-08-26 11:53:33.849  INFO 15436 --- [main] w.s.c.ServletWebServerApplicationContext : Root WebApplicationContext: initialization completed in 991 ms
2021-08-26 11:53:33.988  INFO 15436 --- [main] o.hibernate.jpa.internal.util.LogHelper  : HHH000204: Processing PersistenceUnitInfo [name: default]
2021-08-26 11:53:34.029  INFO 15436 --- [main] org.hibernate.Version                    : HHH000412: Hibernate ORM core version 5.5.6.Final
2021-08-26 11:53:34.139  INFO 15436 --- [main] o.hibernate.annotations.common.Version   : HCANN000001: Hibernate Commons Annotations {5.1.2.Final}
2021-08-26 11:53:34.206  INFO 15436 --- [main] com.zaxxer.hikari.HikariDataSource       : HikariPool-1 - Starting...
2021-08-26 11:53:34.424  INFO 15436 --- [main] com.zaxxer.hikari.HikariDataSource       : HikariPool-1 - Start completed.
2021-08-26 11:53:34.436  INFO 15436 --- [main] org.hibernate.dialect.Dialect            : HHH000400: Using dialect: org.hibernate.dialect.MySQL8Dialect
2021-08-26 11:53:34.892  INFO 15436 --- [main] o.h.e.t.j.p.i.JtaPlatformInitiator       : HHH000490: Using JtaPlatform implementation: [org.hibernate.engine.transaction.jta.platform.internal.NoJtaPlatform]
2021-08-26 11:53:34.900  INFO 15436 --- [main] j.LocalContainerEntityManagerFactoryBean : Initialized JPA EntityManagerFactory for persistence unit 'default'
2021-08-26 11:53:35.243  WARN 15436 --- [main] JpaBaseConfiguration$JpaWebConfiguration : spring.jpa.open-in-view is enabled by default. Therefore, database queries may be performed during view rendering. Explicitly configure spring.jpa.open-in-view to disable this warning
2021-08-26 11:53:35.771  INFO 15436 --- [main] o.s.b.w.embedded.tomcat.TomcatWebServer  : Tomcat started on port(s): 8080 (http) with context path ''
2021-08-26 11:53:35.784  INFO 15436 --- [main] com.bm.bank.BMBankApplication            : Started BMBankApplication in 3.26 seconds (JVM running for 3.545)
2021-08-26 11:53:37.627  INFO 15436 --- [http-nio-8080-exec-1] o.a.c.c.C.[Tomcat].[localhost].[/]       : Initializing Spring DispatcherServlet 'dispatcherServlet'
2021-08-26 11:53:37.628  INFO 15436 --- [http-nio-8080-exec-1] o.s.web.servlet.DispatcherServlet        : Initializing Servlet 'dispatcherServlet'
2021-08-26 11:53:37.629  INFO 15436 --- [http-nio-8080-exec-1] o.s.web.servlet.DispatcherServlet        : Completed initialization in 1 ms
2021-08-26 11:54:16.789  WARN 15436 --- [http-nio-8080-exec-8] c.b.b.controllers.ExceptionController    : code: 1001 message: Could not find user with given Id
2021-08-26 11:58:46.960  INFO 15436 --- [SpringApplicationShutdownHook] j.LocalContainerEntityManagerFactoryBean : Closing JPA EntityManagerFactory for persistence unit 'default'
2021-08-26 11:58:46.962  INFO 15436 --- [SpringApplicationShutdownHook] com.zaxxer.hikari.HikariDataSource       : HikariPool-1 - Shutdown initiated...
2021-08-26 11:58:46.970  INFO 15436 --- [SpringApplicationShutdownHook] com.zaxxer.hikari.HikariDataSource       : HikariPool-1 - Shutdown completed.
